<?xml version="1.0" encoding="UTF-8"?>
<testng-results ignored="0" total="1" passed="1" failed="0" skipped="0">
  <reporter-output>
  </reporter-output>
  <suite started-at="2022-11-15T11:21:23 IST" name="Default suite" finished-at="2022-11-15T11:22:09 IST" duration-ms="46188">
    <groups>
    </groups>
    <test started-at="2022-11-15T11:21:23 IST" name="Default test" finished-at="2022-11-15T11:22:09 IST" duration-ms="46188">
      <class name="com.testLayer.BuyScenarioOfNSE">
        <test-method is-config="true" signature="start()[pri:0, instance:com.testLayer.BuyScenarioOfNSE@b9b00e0]" started-at="2022-11-15T11:21:23 IST" name="start" finished-at="2022-11-15T11:21:23 IST" duration-ms="247" status="PASS">
          <reporter-output>
          </reporter-output>
        </test-method> <!-- start -->
        <test-method is-config="true" signature="openBrowser()[pri:0, instance:com.testLayer.BuyScenarioOfNSE@b9b00e0]" started-at="2022-11-15T11:21:23 IST" name="openBrowser" finished-at="2022-11-15T11:21:34 IST" duration-ms="10695" status="PASS">
          <reporter-output>
          </reporter-output>
        </test-method> <!-- openBrowser -->
        <test-method signature="buyShareWithCustomPrice()[pri:0, instance:com.testLayer.BuyScenarioOfNSE@b9b00e0]" started-at="2022-11-15T11:21:34 IST" name="buyShareWithCustomPrice" finished-at="2022-11-15T11:22:04 IST" duration-ms="30601" status="PASS">
          <reporter-output>
          </reporter-output>
        </test-method> <!-- buyShareWithCustomPrice -->
        <test-method is-config="true" signature="tearDown()[pri:0, instance:com.testLayer.BuyScenarioOfNSE@b9b00e0]" started-at="2022-11-15T11:22:04 IST" name="tearDown" finished-at="2022-11-15T11:22:09 IST" duration-ms="4569" status="PASS">
          <reporter-output>
          </reporter-output>
        </test-method> <!-- tearDown -->
        <test-method is-config="true" signature="stop()[pri:0, instance:com.testLayer.BuyScenarioOfNSE@b9b00e0]" started-at="2022-11-15T11:22:09 IST" name="stop" finished-at="2022-11-15T11:22:09 IST" duration-ms="0" status="PASS">
          <reporter-output>
          </reporter-output>
        </test-method> <!-- stop -->
      </class> <!-- com.testLayer.BuyScenarioOfNSE -->
    </test> <!-- Default test -->
  </suite> <!-- Default suite -->
</testng-results>
